[2019.04.11-00.34.06:221][  0]Log file open, 04/10/19 20:34:06
[2019.04.11-00.34.06:221][  0]ARK Version: 294.101
[2019.04.11-00.34.06:221][  0]PID: 10501
[2019.04.11-00.34.18:869][  0]Primal Game Data Took 12.19 seconds
[2019.04.11-00.34.41:639][  0]Server Initializing with BattlEye Anti-Cheat Protection. If you do not wish to use BattlEye, please launch with -NoBattlEye
[2019.04.11-00.34.41:639][  0]BattlEye successfully started.
[2019.04.11-00.34.57:301][  0]Server: "Ragrrrrok" has successfully started!
[2019.04.11-00.35.07:509][  0]Commandline:  Ragnarok?AltSaveDirectoryName=RagnarokSaves?RCONEnabled=True?RCONPort=27024?ServerAdminPassword=Winslow1?QueryPort=27019?Port=7781?SessionName=Ragrrrrok? -server -log -NoTransferFromFiltering -clusterid=universe1 -ClusterDirOverride=/home/lachlan/ArkServer/ShooterGame/ClusterData
[2019.04.11-00.35.07:509][  0]Full Startup: 62.33 seconds (BP compile: 0.00 seconds)
[2019.04.11-00.35.07:510][  0]Number of cores 8
﻿[2019.04.11-00.34.06:221][  0]Log file open, 04/10/19 20:34:06
[2019.04.11-00.34.06:221][  0]ARK Version: 294.101
[2019.04.11-00.34.06:221][  0]PID: 10501
[2019.04.11-00.34.18:869][  0]Primal Game Data Took 12.19 seconds
[2019.04.11-00.34.41:639][  0]Server Initializing with BattlEye Anti-Cheat Protection. If you do not wish to use BattlEye, please launch with -NoBattlEye
[2019.04.11-00.34.41:639][  0]BattlEye successfully started.
[2019.04.11-00.34.57:301][  0]Server: "Ragrrrrok" has successfully started!
[2019.04.11-00.35.07:509][  0]Commandline:  Ragnarok?AltSaveDirectoryName=RagnarokSaves?RCONEnabled=True?RCONPort=27024?ServerAdminPassword=Winslow1?QueryPort=27019?Port=7781?SessionName=Ragrrrrok? -server -log -NoTransferFromFiltering -clusterid=universe1 -ClusterDirOverride=/home/lachlan/ArkServer/ShooterGame/ClusterData
[2019.04.11-00.35.07:509][  0]Full Startup: 62.33 seconds (BP compile: 0.00 seconds)
[2019.04.11-00.35.07:510][  0]Number of cores 8
