[2019.04.12-23.10.59:561][  0]Log file open, 04/12/19 19:10:59
[2019.04.12-23.10.59:561][  0]ARK Version: 294.101
[2019.04.12-23.10.59:561][  0]PID: 2018
[2019.04.12-23.11.19:082][  0]Primal Game Data Took 18.62 seconds
[2019.04.12-23.11.37:015][  0]Server Initializing with BattlEye Anti-Cheat Protection. If you do not wish to use BattlEye, please launch with -NoBattlEye
[2019.04.12-23.11.37:017][  0]BattlEye successfully started.
[2019.04.12-23.11.45:026][  0]Server: "Abgrrration" has successfully started!
[2019.04.12-23.11.52:910][  0]Commandline:  Aberration_P?AltSaveDirectoryName=AberrationSaves?RCONEnabled=True?RCONPort=27020?ServerAdminPassword=Winslow1?QueryPort=27015?Port=7777?SessionName=Abgrrration? -server -log -NoTransferFromFiltering -clusterid=universe1 -ClusterDirOverride=/home/lachlan/ArkServer/ShooterGame/ClusterData
[2019.04.12-23.11.52:910][  0]Full Startup: 54.84 seconds (BP compile: 0.00 seconds)
[2019.04.12-23.11.52:910][  0]Number of cores 8
﻿[2019.04.12-23.10.59:561][  0]Log file open, 04/12/19 19:10:59
[2019.04.12-23.10.59:561][  0]ARK Version: 294.101
[2019.04.12-23.10.59:561][  0]PID: 2018
[2019.04.12-23.11.19:082][  0]Primal Game Data Took 18.62 seconds
[2019.04.12-23.11.37:015][  0]Server Initializing with BattlEye Anti-Cheat Protection. If you do not wish to use BattlEye, please launch with -NoBattlEye
[2019.04.12-23.11.37:017][  0]BattlEye successfully started.
[2019.04.12-23.11.45:026][  0]Server: "Abgrrration" has successfully started!
[2019.04.12-23.11.52:910][  0]Commandline:  Aberration_P?AltSaveDirectoryName=AberrationSaves?RCONEnabled=True?RCONPort=27020?ServerAdminPassword=Winslow1?QueryPort=27015?Port=7777?SessionName=Abgrrration? -server -log -NoTransferFromFiltering -clusterid=universe1 -ClusterDirOverride=/home/lachlan/ArkServer/ShooterGame/ClusterData
[2019.04.12-23.11.52:910][  0]Full Startup: 54.84 seconds (BP compile: 0.00 seconds)
[2019.04.12-23.11.52:910][  0]Number of cores 8
